
TOTAL_TASKS: 10

TOTAL_UTILIZATION: 0.1

TASK_DYNAMIC_LOAD: 1
0.02	0.433281	4.08551	1.0013	96.512	0.730258			131595	90460	10.9968 nsec	1.44673e+06 nsec	7.6549 nsec	689524 nsec	2.09816	1.43657
0.05	0.506472	1.79314	1.00193	73.1851	0.724697			130425	96980	11.8406 nsec	1.54513e+06 nsec	7.63904 nsec	740896 nsec	2.08548	1.55002
0.08	0.745575	1.20597	1.00103	64.9624	0.769096			102428	85478	13.4451 nsec	1.37989e+06 nsec	7.5648 nsec	644611 nsec	2.14065	1.77732

TOTAL_UTILIZATION: 0.15

TASK_DYNAMIC_LOAD: 1
0.03	0.530524	3.97231	1.00287	54.6824	0.74763			116587	78906	10.8952 nsec	1.26638e+06 nsec	7.74802 nsec	606023 nsec	2.08966	1.40619
0.075	0.705507	1.74327	1.00313	42.149	0.712804			124409	90305	11.7289 nsec	1.46174e+06 nsec	7.67426 nsec	691763 nsec	2.11307	1.52834
0.12	0.854205	1.18761	1.00128	36.9471	0.718807			104059	85090	13.4358 nsec	1.39683e+06 nsec	7.62997 nsec	649467 nsec	2.15073	1.76093

TOTAL_UTILIZATION: 0.2

TASK_DYNAMIC_LOAD: 1
0.04	0.6832	3.79886	1.00301	41.1239	0.7481			121170	82305	10.9012 nsec	1.3204e+06 nsec	7.78759 nsec	633230 nsec	2.08518	1.39982
0.1	0.802313	1.72273	1.00321	27.2332	0.745562			104455	76981	11.8969 nsec	1.24026e+06 nsec	7.82711 nsec	603337 nsec	2.05566	1.51996
0.16	0.901002	1.18661	1.00248	27.252	0.725975			106174	87398	13.6778 nsec	1.44595e+06 nsec	7.84875 nsec	682903 nsec	2.11736	1.74267

TOTAL_UTILIZATION: 0.25

TASK_DYNAMIC_LOAD: 1
0.05	0.757085	3.7092	1.00576	31.6314	0.763097			102726	70476	10.939 nsec	1.11901e+06 nsec	7.83117 nsec	548405 nsec	2.04048	1.39685
0.125	0.851159	1.71542	1.00289	22.8369	0.765169			134416	100933	11.938 nsec	1.60277e+06 nsec	7.83619 nsec	789191 nsec	2.0309	1.52345
0.2	0.926654	1.1862	1.00282	20.5918	0.75848			108003	89649	13.8308 nsec	1.48047e+06 nsec	7.87421 nsec	702687 nsec	2.10687	1.75647

TOTAL_UTILIZATION: 0.3

TASK_DYNAMIC_LOAD: 1
0.06	0.828585	3.49278	1.00336	21.3216	0.764761			129803	91213	10.7997 nsec	1.40739e+06 nsec	7.96 nsec	726823 nsec	1.93636	1.35675
0.15	0.928014	1.66831	1.00568	15.3	0.760932			104035	77567	11.8644 nsec	1.23912e+06 nsec	7.99328 nsec	621141 nsec	1.9949	1.48429
0.24	0.967798	1.17216	1.00375	13.2209	0.744144			114315	93595	13.7743 nsec	1.57006e+06 nsec	7.89626 nsec	736190 nsec	2.13269	1.7444

TOTAL_UTILIZATION: 0.35

TASK_DYNAMIC_LOAD: 1
0.07	0.898848	3.52109	1.00774	20.1535	0.800776			105082	72099	10.83 nsec	1.14324e+06 nsec	7.88085 nsec	569972 nsec	2.00579	1.37422
0.175	0.924181	1.66122	1.00427	13.8214	0.782193			116136	87328	12.1779 nsec	1.39831e+06 nsec	8.06357 nsec	701019 nsec	1.99468	1.51024
0.28	0.982645	1.17517	1.00316	11.7738	0.789661			114047	92673	14.1656 nsec	1.60564e+06 nsec	7.95854 nsec	741426 nsec	2.16561	1.77993

TOTAL_UTILIZATION: 0.4

TASK_DYNAMIC_LOAD: 1
0.08	0.939808	3.41906	1.00914	16.2554	0.813423			99368	68772	10.953 nsec	1.08652e+06 nsec	8.09468 nsec	556479 nsec	1.95249	1.35312
0.2	0.951742	1.67293	1.00824	12.8448	0.796934			130680	97431	11.8365 nsec	1.52793e+06 nsec	8.11438 nsec	784371 nsec	1.94797	1.4587
0.32	0.981032	1.18517	1.00563	14.0112	0.802414			105710	86280	14.2639 nsec	1.50111e+06 nsec	8.04538 nsec	690678 nsec	2.17339	1.77294

TOTAL_UTILIZATION: 0.45

TASK_DYNAMIC_LOAD: 1
0.09	0.93283	3.33734	1.00706	13.8107	0.839515			124998	85676	10.9176 nsec	1.3621e+06 nsec	8.05807 nsec	689155 nsec	1.97648	1.35487
0.225	0.972203	1.66221	1.01199	10.1292	0.836378			117745	86045	12.0168 nsec	1.41053e+06 nsec	8.1057 nsec	694183 nsec	2.03193	1.48251
0.36	0.987731	1.18212	1.00652	10.3023	0.827907			113991	92358	14.4913 nsec	1.65793e+06 nsec	8.08431 nsec	740422 nsec	2.23916	1.79252

TOTAL_UTILIZATION: 0.5

TASK_DYNAMIC_LOAD: 1
0.1	0.971237	3.19771	1.0047	11.1078	0.85818			148128	104618	11.1026 nsec	1.63389e+06 nsec	8.25623 nsec	859442 nsec	1.90111	1.34475
0.25	0.98407	1.62498	1.014	7.60189	0.853523			103594	77808	12.3046 nsec	1.27416e+06 nsec	8.3016 nsec	644796 nsec	1.97607	1.4822
0.4	0.994397	1.19105	1.00636	10.7384	0.862469			111064	89624	14.8569 nsec	1.65889e+06 nsec	8.18168 nsec	732454 nsec	2.26483	1.81587

TOTAL_UTILIZATION: 0.55

TASK_DYNAMIC_LOAD: 1
0.11	0.988102	3.14886	1.01137	9.73337	0.89582			121945	84802	10.93 nsec	1.33821e+06 nsec	8.33136 nsec	704048 nsec	1.90073	1.31191
0.275	0.989525	1.61674	1.011	6.97726	0.883028			111737	85248	12.7587 nsec	1.41469e+06 nsec	8.43811 nsec	716105 nsec	1.97554	1.51203
0.44	0.993121	1.18142	1.00611	8.29	0.880386			124189	101290	15.4651 nsec	1.91197e+06 nsec	8.25932 nsec	834928 nsec	2.28998	1.87244

TOTAL_UTILIZATION: 0.6

TASK_DYNAMIC_LOAD: 1
0.12	0.994461	3.06521	1.00671	8.93112	0.923181			115415	80461	11.208 nsec	1.30253e+06 nsec	8.38123 nsec	672785 nsec	1.93602	1.33728
0.3	0.995923	1.63335	1.01499	6.98912	0.922198			125630	95290	12.446 nsec	1.5529e+06 nsec	8.4535 nsec	802406 nsec	1.93531	1.47229
0.48	0.998717	1.18708	1.00561	7.84458	0.929076			116305	95016	15.3181 nsec	1.7786e+06 nsec	8.39728 nsec	793898 nsec	2.24033	1.82418

TOTAL_UTILIZATION: 0.65

TASK_DYNAMIC_LOAD: 1
0.13	0.999562	3.08409	1.01569	8.42348	0.961625			115650	81935	11.1482 nsec	1.28607e+06 nsec	8.44767 nsec	689269 nsec	1.86585	1.31968
0.325	0.998934	1.67084	1.01416	7.57506	0.963282			124105	93746	12.3256 nsec	1.53634e+06 nsec	8.47489 nsec	793662 nsec	1.93577	1.45437
0.52	0.999053	1.1908	1.00982	6.78069	0.965226			100808	81915	14.5824 nsec	1.46211e+06 nsec	8.47981 nsec	692372 nsec	2.11174	1.71966
