
TOTAL_TASKS: 10

TOTAL_UTILIZATION: 0.1

TASK_DYNAMIC_LOAD: 1
0.02	0.999999	4.74125	1.00148	116.813			115294	90460	7.62048 nsec	872772 nsec		7.6549 nsec	689524 nsec	1.26576	0.995504
0.05	0.999998	1.95799	1.00202	88.2165			114831	96980	7.35387 nsec	845582 nsec		7.63904 nsec	740896 nsec	1.1413	0.96267
0.08	0.999999	1.24143	1.00101	76.0375			91950	85478	7.9202 nsec	729599 nsec		7.5648 nsec	644611 nsec	1.13184	1.04698

TOTAL_UTILIZATION: 0.15

TASK_DYNAMIC_LOAD: 1
0.03	0.999998	4.58264	1.00342	65.7061			100917	78906	7.77892 nsec	778139 nsec		7.74802 nsec	606023 nsec	1.28401	1.00399
0.075	0.999998	1.93588	1.00331	52.8463			110216	90305	7.42865 nsec	815985 nsec		7.67426 nsec	691763 nsec	1.17957	0.967996
0.12	0.999999	1.23607	1.00133	46.2834			93160	85090	8.0104 nsec	746027 nsec		7.62997 nsec	649467 nsec	1.14868	1.04986

TOTAL_UTILIZATION: 0.2

TASK_DYNAMIC_LOAD: 1
0.04	0.999998	4.47958	1.00369	50.8834			104460	82305	7.89129 nsec	812258 nsec		7.78759 nsec	633230 nsec	1.28272	1.01332
0.1	0.999997	1.90145	1.0038	33.7273			91135	76981	7.61739 nsec	695650 nsec		7.82711 nsec	603337 nsec	1.153	0.973206
0.16	0.999998	1.23392	1.00235	34.0155			95968	87398	8.14228 nsec	776040 nsec		7.84875 nsec	682903 nsec	1.13638	1.0374

TOTAL_UTILIZATION: 0.25

TASK_DYNAMIC_LOAD: 1
0.05	0.999997	4.33931	1.00594	38.7677			89212	70476	7.97828 nsec	707544 nsec		7.83117 nsec	548405 nsec	1.29019	1.01879
0.125	0.999998	1.88304	1.00312	27.9666			120122	100933	7.65151 nsec	917626 nsec		7.83619 nsec	789191 nsec	1.16274	0.976432
0.2	0.999998	1.22817	1.00258	25.1002			98178	89649	8.24141 nsec	803465 nsec		7.87421 nsec	702687 nsec	1.14342	1.04663

TOTAL_UTILIZATION: 0.3

TASK_DYNAMIC_LOAD: 1
0.06	0.999998	4.14083	1.00321	26.612			115740	91213	8.10289 nsec	936672 nsec		7.96 nsec	726823 nsec	1.28872	1.01795
0.15	0.999995	1.8483	1.00583	19.1795			92526	77567	7.86565 nsec	728367 nsec		7.99328 nsec	621141 nsec	1.17263	0.984033
0.24	0.999997	1.22222	1.00373	16.8547			102566	93595	8.2268 nsec	843036 nsec		7.89626 nsec	736190 nsec	1.14513	1.04186

TOTAL_UTILIZATION: 0.35

TASK_DYNAMIC_LOAD: 1
0.07	0.999994	4.0724	1.00708	24.3575			91790	72099	8.13719 nsec	745940 nsec		7.88085 nsec	569972 nsec	1.30873	1.03253
0.175	0.999997	1.81914	1.0036	16.9146			104764	87328	7.8945 nsec	825688 nsec		8.06357 nsec	701019 nsec	1.17784	0.979034
0.28	0.999998	1.21756	1.00316	14.4289			102479	92673	8.30337 nsec	851766 nsec		7.95854 nsec	741426 nsec	1.14882	1.04333

TOTAL_UTILIZATION: 0.4

TASK_DYNAMIC_LOAD: 1
0.08	0.999995	3.89755	1.00755	19.291			88424	68772	8.25227 nsec	725634 nsec		8.09468 nsec	556479 nsec	1.30397	1.01947
0.2	0.999995	1.82382	1.00686	15.5549			118499	97431	7.99488 nsec	940165 nsec		8.11438 nsec	784371 nsec	1.19862	0.985272
0.32	0.999996	1.22426	1.00545	16.8558			95386	86280	8.38822 nsec	796217 nsec		8.04538 nsec	690678 nsec	1.1528	1.04261

TOTAL_UTILIZATION: 0.45

TASK_DYNAMIC_LOAD: 1
0.09	0.999995	3.73972	1.00587	16.0269			111192	85676	8.3559 nsec	927241 nsec		8.05807 nsec	689155 nsec	1.34548	1.03696
0.225	0.99999	1.78206	1.0128	11.7992			103803	86045	8.10442 nsec	837707 nsec		8.1057 nsec	694183 nsec	1.20675	0.999841
0.36	0.999996	1.21642	1.00611	12.1399			102942	92358	8.41151 nsec	859912 nsec		8.08431 nsec	740422 nsec	1.16138	1.04047

TOTAL_UTILIZATION: 0.5

TASK_DYNAMIC_LOAD: 1
0.1	0.999997	3.53234	1.00383	12.6526			132972	104618	8.53566 nsec	1.13125e+06 nsec		8.25623 nsec	859442 nsec	1.31626	1.03385
0.25	0.999988	1.7272	1.01453	8.69884			91340	77808	8.31605 nsec	759831 nsec		8.3016 nsec	644796 nsec	1.1784	1.00174
0.4	0.999994	1.21877	1.00681	12.1756			100240	89624	8.53115 nsec	853673 nsec		8.18168 nsec	732454 nsec	1.1655	1.04271

TOTAL_UTILIZATION: 0.55

TASK_DYNAMIC_LOAD: 1
0.11	0.999995	3.37893	1.0087	10.6804			107517	84802	8.67778 nsec	929729 nsec		8.33136 nsec	704048 nsec	1.32055	1.04158
0.275	0.99999	1.69684	1.01046	7.77104			102073	85248	8.46336 nsec	860671 nsec		8.43811 nsec	716105 nsec	1.20188	1.00299
0.44	0.999997	1.2052	1.0063	9.27027			112601	101290	8.72256 nsec	979597 nsec		8.25932 nsec	834928 nsec	1.17327	1.05609

TOTAL_UTILIZATION: 0.6

TASK_DYNAMIC_LOAD: 1
0.12	0.999996	3.22875	1.00727	9.55912			104135	80461	8.69315 nsec	900791 nsec		8.38123 nsec	672785 nsec	1.3389	1.03722
0.3	0.99999	1.68533	1.0139	7.50073			112782	95290	8.56852 nsec	963997 nsec		8.4535 nsec	802406 nsec	1.20138	1.01361
0.48	0.999996	1.20038	1.00509	8.36524			104171	95016	8.87487 nsec	923980 nsec		8.39728 nsec	793898 nsec	1.16385	1.05688

TOTAL_UTILIZATION: 0.65

TASK_DYNAMIC_LOAD: 1
0.13	0.99999	3.16836	1.01699	8.72194			104821	81935	8.79863 nsec	919484 nsec		8.44767 nsec	689269 nsec	1.334	1.04154
0.325	0.999989	1.69516	1.01391	7.82029			113813	93746	8.60059 nsec	979754 nsec		8.47489 nsec	793662 nsec	1.23447	1.01483
0.52	0.999994	1.19657	1.00944	6.97621			91177	81915	8.92968 nsec	810123 nsec		8.47981 nsec	692372 nsec	1.17007	1.05305
