
TOTAL_TASKS: 10

TOTAL_UTILIZATION: 0.5

TASK_DYNAMIC_LOAD: 1
0.1	0.980897	3.22477	1.00703	11.4855	0.861904			119360	82809	14.4503 nsec	1.77674e+06 nsec	10.5785 nsec	892184 nsec	1.99145	1.36601
0.25	0.984854	1.6025	1.01156	7.18172	0.844605			111172	83370	15.5259 nsec	1.74687e+06 nsec	10.1569 nsec	843836 nsec	2.07015	1.5286
0.4	0.990862	1.17702	1.00766	7.55121	0.857806			103748	84791	27.4679 nsec	2.85151e+06 nsec	14.5422 nsec	1.22775e+06 nsec	2.32256	1.88885

TOTAL_TASKS: 20

TOTAL_UTILIZATION: 0.5

TASK_DYNAMIC_LOAD: 1
0.1	0.961047	3.07423	1.01335	9.18161	0.866003			246179	188872	24.2197 nsec	5.90499e+06 nsec	20.9555 nsec	3.94632e+06 nsec	1.49633	1.15577
0.25	0.969078	1.66495	1.01745	9.00739	0.862897			227996	181697	24.4949 nsec	5.5813e+06 nsec	19.1456 nsec	3.4722e+06 nsec	1.60742	1.2794
0.4	0.98405	1.18984	1.00626	10.834	0.874412			218072	186116	28.0419 nsec	6.14748e+06 nsec	17.4652 nsec	3.29432e+06 nsec	1.86608	1.60559

TOTAL_TASKS: 30

TOTAL_UTILIZATION: 0.5

TASK_DYNAMIC_LOAD: 1
0.1	0.949244	3.25267	1.01513	11.1334	0.877867			397741	311973	27.493 nsec	1.09766e+07 nsec	25.923 nsec	8.10888e+06 nsec	1.35365	1.060.250.25	0.969612	1.67487	1.01605	9.48883	0.875615			383621	315378	30.016 nsec	1.15255e+07 nsec	25.9597 nsec	8.19044e+06 nsec	1.40719	1.1560.40.4	0.97047	1.18266	1.00758	8.72675	0.866705			307174	270045	31.656 nsec	9.65636e+06 nsec	21.1397 nsec	5.65493e+06 nsec	1.7076	1.49747

TOTAL_TASKS: 40

TOTAL_UTILIZATION: 0.5

TASK_DYNAMIC_LOAD: 1
0.1	0.914208	3.37864	1.02198	12.6588	0.882872			502466	393936	30.2201 nsec	1.53028e+07 nsec	31.6457 nsec	1.24377e+07 nsec	1.23036	0.954950.0.25	0.941357	1.69935	1.01572	11.2946	0.879792			471176	386211	34.3041 nsec	1.60965e+07 nsec	31.9102 nsec	1.22677e+07 nsec	1.3121	1.07500.0.4	0.97183	1.1878	1.00708	10.2754	0.879327			489173	434513	42.9381 nsec	2.10031e+07 nsec	30.8998 nsec	1.34559e+07 nsec	1.56088	1.38959

TOTAL_TASKS: 50

TOTAL_UTILIZATION: 0.5

TASK_DYNAMIC_LOAD:0.10.1	0.916581	3.45109	1.01995	13.8172	0.891949			620598	492247	34.6268 nsec	2.15346e+07 nsec	36.1384 nsec	1.79e+07 nsec	1.20305	0.958170.0.25	0.943632	1.68531	1.01543	10.2445	0.879327			627019	528308	29.1335 nsec	1.8257e+07 nsec	28.512 nsec	1.49576e+07 nsec	1.22058	1.0218
00.4	0.969853	1.18058	1.00717	8.63105	0.875054			510828	458449	41.05 nsec	2.03811e+07 nsec	29.6799 nsec	1.35538e+07 nsec	1.50372	1.38309

TOTAL_TASKS: 60

TOTAL_UTILIZATION: 0.5

TASK_DYNAMIC_LOAD: 100.1	0.880926	3.39736	1.02005	13.1113	0.885655			789977	636906	36.2881 nsec	2.86208e+07 nsec	39.255 nsec	2.49806e+07 nsec	1.14572	0.92442
0.25	0.93383	1.71356	1.01668	12.0911	0.88961			698382	586568	40.2949 nsec	2.80083e+07 nsec	41.9649 nsec	2.46015e+07 nsec	1.13848	0.960205
0.4	0.961563	1.18032	1.00766	8.27543	0.875168			689144	627403	42.8979 nsec	2.90548e+07 nsec	30.7485 nsec	1.94334e+07 nsec	1.4951	1.39512

TOTAL_TASKS: 70

TOTAL_UTILIZATION: 0.5

TASK_DYNAMIC_LOAD: 1
0.1	0.886739	3.47697	1.02391	14.3116	0.887876			860397	689015	38.6788 nsec	3.30165e+07 nsec	43.654 nsec	2.98237e+07 nsec	1.10706	0.88603
0.25	0.933643	1.68252	1.0156	10.2873	0.878665			786387	671678	34.4878 nsec	2.65686e+07 nsec	37.4416 nsec	2.49866e+07 nsec	1.06332	0.92111
0.4	0.960528	1.18419	1.00674	9.06386	0.880202			797327	725773	53.0146 nsec	4.14907e+07 nsec	39.3754 nsec	2.796e+07 nsec	1.48393	1.34639

TOTAL_TASKS: 80

TOTAL_UTILIZATION: 0.5

TASK_DYNAMIC_LOAD: 1
0.1	0.916044	3.36468	1.02315	12.3337	0.885121			1018389	840946	36.7431 nsec	3.65088e+07 nsec	42.1937 nsec	3.45298e+07 nsec	1.05731	0.870821
0.25	0.920623	1.71414	1.01578	12.4348	0.887469			948725	806159	40.341 nsec	3.83727e+07 nsec	44.0721 nsec	3.56999e+07 nsec	1.07487	0.915339
0.4	0.962602	1.18357	1.00687	9.33734	0.881611			915480	838084	58.0183 nsec	5.32394e+07 nsec	46.5942 nsec	3.87449e+07 nsec	1.3741	1.24518

TOTAL_TASKS: 90

TOTAL_UTILIZATION: 0.5

TASK_DYNAMIC_LOAD: 1
0.1	0.89484	3.44895	1.02539	13.7462	0.888511			1155426	951662	37.7127 nsec	4.39873e+07 nsec	44.7832 nsec	4.29186e+07 nsec	1.0249	0.842117
0.25	0.918715	1.72204	1.01682	12.9803	0.890339			1078237	918026	40.6358 nsec	4.37606e+07 nsec	42.9341 nsec	3.95749e+07 nsec	1.10577	0.94647
0.4	0.958242	1.1785	1.00695	8.08225	0.874273			1006029	931434	61.7356 nsec	6.2618e+07 nsec	49.8111 nsec	4.65885e+07 nsec	1.34406	1.23939

TOTAL_TASKS: 100

TOTAL_UTILIZATION: 0.5

TASK_DYNAMIC_LOAD: 1
0.1	0.894211	3.38632	1.02303	12.5443	0.890294			1167819	973401	46.8056 nsec	5.45172e+07 nsec	55.5243 nsec	5.40855e+07 nsec	1.00798	0.842975
0.25	0.92071	1.7129	1.01509	12.256	0.890043			1272484	1098073	57.5185 nsec	7.2874e+07 nsec	64.2603 nsec	7.03397e+07 nsec	1.03603	0.895086
775
0.4	0.960514	1.17897	1.00714	8.18841	0.867287			1015087	941773	69.369 nsec	7.00394e+07 nsec	56.0087 nsec	5.21984e+07 nsec	1.34179	1.23854
