
TOTAL_TASKS: 10

TOTAL_UTILIZATION: 0.5

TASK_DYNAMIC_LOAD: 1

TOTAL_TASKS: 20

TOTAL_UTILIZATION: 0.5

TASK_DYNAMIC_LOAD: 1

TOTAL_TASKS: 30

TOTAL_UTILIZATION: 0.5

TASK_DYNAMIC_LOAD: 1

TOTAL_TASKS: 40

TOTAL_UTILIZATION: 0.5

TASK_DYNAMIC_LOAD: 1

TOTAL_TASKS: 50

TOTAL_UTILIZATION: 0.5

TASK_DYNAMIC_LOAD: 1

TOTAL_TASKS: 60

TOTAL_UTILIZATION: 0.5

TASK_DYNAMIC_LOAD: 1

TOTAL_TASKS: 70

TOTAL_UTILIZATION: 0.5

TASK_DYNAMIC_LOAD: 1

TOTAL_TASKS: 80

TOTAL_UTILIZATION: 0.5

TASK_DYNAMIC_LOAD: 1

TOTAL_TASKS: 90

TOTAL_UTILIZATION: 0.5

TASK_DYNAMIC_LOAD: 1

TOTAL_TASKS: 100

TOTAL_UTILIZATION: 0.5

TASK_DYNAMIC_LOAD: 1
