
TOTAL_TASKS: 10
TOTAL_UTILIZATION: 0.5

TASK_DYNAMIC_LOAD: 1
0.1	0.999996	3.55388	1.00554	13.046			106540	82809	10.641 nsec	1.14108e+06 nsec		10.5785 nsec	892184 nsec	1.27897	1.00591
0.25	0.999992	1.71154	1.01097	8.32591			100109	83370	10.127 nsec	1.01313e+06 nsec		10.1569 nsec	843836 nsec	1.20063	0.997055
0.4	0.999994	1.20142	1.00749	8.50086			92777	84791	15.1116 nsec	1.39492e+06 nsec		14.5422 nsec	1.22775e+06 nsec	1.13616	1.03916

TOTAL_TASKS: 20
TOTAL_UTILIZATION: 0.5

TASK_DYNAMIC_LOAD: 1
0.1	0.999987	3.38195	1.01109	10.408			228846	188872	19.8754 nsec	4.54882e+06 nsec		20.9555 nsec	3.94632e+06 nsec	1.15267	0.948456
0.25	0.999988	1.7605	1.01574	10.2059			214866	181697	17.4676 nsec	3.75526e+06 nsec		19.1456 nsec	3.4722e+06 nsec	1.08152	0.912353
0.4	0.999996	1.21404	1.00594	12.1457			205584	186116	16.8977 nsec	3.52119e+06 nsec		17.4652 nsec	3.29432e+06 nsec	1.06887	0.967506

TOTAL_TASKS: 30
TOTAL_UTILIZATION: 0.5

TASK_DYNAMIC_LOAD: 1
0.1	0.999991	3.55272	1.01431	12.4932			378371	311973	23.0036 nsec	8.72495e+06 nsec		25.923 nsec	8.10888e+060.25	0.999989	1.784	1.0.25	0.999989	1.76216	1.01518	10.6219			367423	315378	22.0375 nsec	8.135e+06 nsec		25.9597 nsec	8.19044e+06 n0.4	0.999995	1.20556	10.4	0.999994	1.20525	1.0072	9.73912			295509	270045	19.7099 nsec	5.75189e+06 nsec		21.1397 nsec	5.65493e+06 nsec	1.01715	0.932367

TOTAL_TASKS: 40
TOTAL_UTILIZATION: 0.5
0.1	0.999987	3.59113	10.1	0.999986	3.66661	1.02022	14.0877			475683	393936	26.3175 nsec	1.26124e+07 nsec		31.6457 nsec	1.24377e+07 0.25	0.999989	1.7702	0.25	0.999989	1.7794	1.01479	12.5113			451272	386211	25.7927 nsec	1.15812e+07 nsec		31.9102 nsec	1.22677e+07 ns0.4	0.999996	1.20512	0.4	0.999996	1.20993	1.00651	11.4389			472811	434513	27.8126 nsec	1.31553e+07 nsec		30.8998 nsec	1.34559e+07 nsec	0.977662	0.900089

TOTAL_TASKS: 50
TOTAL_UTILIZATION: 0.50.1	0.999981	3.62078	1.0.1	0.999983	3.71949	1.01958	15.2316			588601	492247	30.9239 nsec	1.82278e+07 nsec		36.1384 nsec	1.79e+07 ns0.25	0.99999	1.790740.25	0.999991	1.76857	1.01445	11.4041			603596	528308	21.5561 nsec	1.30144e+07 nsec		28.512 nsec	1.49576e+07 nse0.4	0.999995	1.20259	1.00654	9.62611			497047	458449	26.4414 nsec	1.30662e+07 nsec		29.6799 nsec	1.35538e+07 nsec	0.96403	0.890888

TOTAL_TASKS: 60
TOTAL_UTILIZATION: 0.5

TASK_DYNAMIC_LOAD: 1
0.1	0.999987	3.6756	1.01839	14.5332			752095	636906	32.2562 nsec	2.42347e+07 nsec		39.255 nsec	2.49806e+07 nsec	0.97014	0.82171
0.25	0.999989	1.79011	1.01569	13.3223			672542	586568	31.9965 nsec	2.14802e+07 nsec		41.9649 nsec	2.46015e+07 nsec	0.873128	0.762458
0.4	0.999995	1.20171	1.00708	9.19938			672372	627403	26.2201 nsec	1.75786e+07 nsec		30.7485 nsec	1.94334e+07 nsec	0.904557	0.852728

TOTAL_TASKS: 70
TOTAL_UTILIZATION: 0.5

TASK_DYNAMIC_LOAD: 1
0.1	0.999982	3.75335	1.02295	15.813			818958	689015	36.2058 nsec	2.93832e+07 nsec		43.654 nsec	2.98237e+07 nsec	0.985231	0.82938
0.25	0.99999	1.76539	1.01464	11.4517			759806	671678	28.4275 nsec	2.14201e+07 nsec		37.4416 nsec	2.49866e+07 nsec	0.857266	0.759251
0.4	0.999996	1.20461	1.00649	10.0018			778219	725773	34.0029 nsec	2.60967e+07 nsec		39.3754 nsec	2.796e+07 nsec	0.93336	0.863558

TOTAL_TASKS: 80
TOTAL_UTILIZATION: 0.5

TASK_DYNAMIC_LOAD: 1
0.1	0.999985	3.64227	1.02172	13.68			968661	840946	35.5885 nsec	3.37529e+07 nsec		42.1937 nsec	3.45298e+07 nsec	0.9775	0.843455
0.25	0.999989	1.79262	1.01518	13.7272			915569	806159	34.1553 nsec	3.10832e+07 nsec		44.0721 nsec	3.56999e+07 nsec	0.87068	0.774986
0.4	0.999996	1.20407	1.00636	10.3269			897188	838084	40.8691 nsec	3.64019e+07 nsec		46.5942 nsec	3.87449e+07 nsec	0.939528	0.877128

TOTAL_TASKS: 90
TOTAL_UTILIZATION: 0.5

TASK_DYNAMIC_LOAD: 1
0.1	0.999983	3.72613	1.02476	15.2037			1099941	951662	34.3896 nsec	3.77705e+07 nsec		44.7832 nsec	4.29186e+07 nsec	0.88005	0.767911
0.25	0.999989	1.79878	1.01605	14.2944			1041664	918026	31.2604 nsec	3.27406e+07 nsec		42.9341 nsec	3.95749e+07 nsec	0.827308	0.728103
0.4	0.999996	1.20155	1.0050.4	0.999996	1.2002	1.00639	8.99968			989664	931434	42.6108 nsec	4.23912e+07 nsec		49.8111 nsec	4.65885e+07 nsec	0.909907	0.855449

TOTAL_TASKS: 100
TOTAL_UTILIZATION:0.1	0.999981	3.71934	1.02520.1	0.999985	3.65328	1.02196	13.8499			1110048	973401	43.1906 nsec	4.77543e+07 nsec		55.5243 nsec	5.40855e0.25	0.99999	1.79182	1.01590.25	0.99999	1.78883	1.01427	13.4917			1229951	1098073	47.0355 nsec	5.75958e+07 nsec		64.2603 nsec	7.03397e0.4	0.999995	1.20169	1.00653	9.16302			995950	941773	47.3487 nsec	4.70638e+07 nsec		56.0087 nsec	5.21984e+07 nsec	0.901633	0.845381
